<?xml version="1.0" encoding="UTF-8"?>
<testsuite name="ru.stqa.pft.sandbox.SquareTests" tests="1" skipped="0" failures="0" errors="0" timestamp="2021-05-31T16:06:21" hostname="DESKTOP-1F2LUC5" time="0.013">
  <properties/>
  <testcase name="testArea" classname="ru.stqa.pft.sandbox.SquareTests" time="0.013"/>
  <system-out><![CDATA[]]></system-out>
  <system-err><![CDATA[]]></system-err>
</testsuite>
